2020-03-23 08:56:31.098  INFO 89656 --- [Thread-3] ConfigServletWebServerApplicationContext : Closing org.springframework.boot.web.servlet.context.AnnotationConfigServletWebServerApplicationContext@5d19ae0c: startup date [Sat Mar 21 17:08:54 CDT 2020]; root of context hierarchy
2020-03-23 08:56:31.227  INFO 89656 --- [Thread-3] o.s.j.e.a.AnnotationMBeanExporter        : Unregistering JMX-exposed beans on shutdown
2020-03-23 13:48:34.229  INFO 71967 --- [main] fourmeal.Application                     : Starting Application on f8ffc24c7eba.ant.amazon.com with PID 71967 (/Users/colbywar/Dropbox/dev/spring/fourmeal/target/classes started by colbywar in /Users/colbywar/Dropbox/dev/spring/fourmeal)
2020-03-23 13:48:34.232  INFO 71967 --- [main] fourmeal.Application                     : No active profile set, falling back to default profiles: default
2020-03-23 13:48:34.266  INFO 71967 --- [main] ConfigServletWebServerApplicationContext : Refreshing org.springframework.boot.web.servlet.context.AnnotationConfigServletWebServerApplicationContext@71ff9bca: startup date [Mon Mar 23 13:48:34 CDT 2020]; root of context hierarchy
2020-03-23 13:48:35.212  INFO 71967 --- [main] o.s.b.w.embedded.tomcat.TomcatWebServer  : Tomcat initialized with port(s): 5000 (http)
2020-03-23 13:48:35.234  INFO 71967 --- [main] o.apache.catalina.core.StandardService   : Starting service [Tomcat]
2020-03-23 13:48:35.234  INFO 71967 --- [main] org.apache.catalina.core.StandardEngine  : Starting Servlet Engine: Apache Tomcat/8.5.34
2020-03-23 13:48:35.243  INFO 71967 --- [localhost-startStop-1] o.a.catalina.core.AprLifecycleListener   : The APR based Apache Tomcat Native library which allows optimal performance in production environments was not found on the java.library.path: [/Users/colbywar/Library/Java/Extensions:/Library/Java/Extensions:/Network/Library/Java/Extensions:/System/Library/Java/Extensions:/usr/lib/java:.]
2020-03-23 13:48:35.312  INFO 71967 --- [localhost-startStop-1] o.a.c.c.C.[Tomcat].[localhost].[/]       : Initializing Spring embedded WebApplicationContext
2020-03-23 13:48:35.313  INFO 71967 --- [localhost-startStop-1] o.s.web.context.ContextLoader            : Root WebApplicationContext: initialization completed in 1047 ms
2020-03-23 13:48:35.368  INFO 71967 --- [localhost-startStop-1] o.s.b.w.servlet.ServletRegistrationBean  : Servlet dispatcherServlet mapped to [/]
2020-03-23 13:48:35.371  INFO 71967 --- [localhost-startStop-1] o.s.b.w.servlet.FilterRegistrationBean   : Mapping filter: 'characterEncodingFilter' to: [/*]
2020-03-23 13:48:35.372  INFO 71967 --- [localhost-startStop-1] o.s.b.w.servlet.FilterRegistrationBean   : Mapping filter: 'hiddenHttpMethodFilter' to: [/*]
2020-03-23 13:48:35.372  INFO 71967 --- [localhost-startStop-1] o.s.b.w.servlet.FilterRegistrationBean   : Mapping filter: 'httpPutFormContentFilter' to: [/*]
2020-03-23 13:48:35.372  INFO 71967 --- [localhost-startStop-1] o.s.b.w.servlet.FilterRegistrationBean   : Mapping filter: 'requestContextFilter' to: [/*]
2020-03-23 13:48:35.483  INFO 71967 --- [main] o.s.w.s.handler.SimpleUrlHandlerMapping  : Mapped URL path [/**/favicon.ico] onto handler of type [class org.springframework.web.servlet.resource.ResourceHttpRequestHandler]
2020-03-23 13:48:35.614  INFO 71967 --- [main] s.w.s.m.m.a.RequestMappingHandlerAdapter : Looking for @ControllerAdvice: org.springframework.boot.web.servlet.context.AnnotationConfigServletWebServerApplicationContext@71ff9bca: startup date [Mon Mar 23 13:48:34 CDT 2020]; root of context hierarchy
2020-03-23 13:48:35.674  INFO 71967 --- [main] s.w.s.m.m.a.RequestMappingHandlerMapping : Mapped "{[/],methods=[GET]}" onto public org.springframework.http.ResponseEntity fourmeal.rest.FourMealApi.index()
2020-03-23 13:48:35.675  INFO 71967 --- [main] s.w.s.m.m.a.RequestMappingHandlerMapping : Mapped "{[/cpu-stress],methods=[GET]}" onto public org.springframework.http.ResponseEntity fourmeal.rest.FourMealApi.getMealTest(long)
2020-03-23 13:48:35.675  INFO 71967 --- [main] s.w.s.m.m.a.RequestMappingHandlerMapping : Mapped "{[/test],methods=[GET]}" onto public org.springframework.http.ResponseEntity fourmeal.rest.FourMealApi.getMealTest()
2020-03-23 13:48:35.675  INFO 71967 --- [main] s.w.s.m.m.a.RequestMappingHandlerMapping : Mapped "{[/meal],methods=[POST]}" onto public fourmeal.domain.Meal fourmeal.rest.FourMealApi.newMeal(fourmeal.domain.Meal)
2020-03-23 13:48:35.676  INFO 71967 --- [main] s.w.s.m.m.a.RequestMappingHandlerMapping : Mapped "{[/meal],methods=[GET]}" onto public fourmeal.domain.Meal fourmeal.rest.FourMealApi.getMeal(java.lang.String)
2020-03-23 13:48:35.676  INFO 71967 --- [main] s.w.s.m.m.a.RequestMappingHandlerMapping : Mapped "{[/meal],methods=[PUT]}" onto public fourmeal.domain.Meal fourmeal.rest.FourMealApi.replaceMeal(java.lang.String,fourmeal.domain.Meal)
2020-03-23 13:48:35.676  INFO 71967 --- [main] s.w.s.m.m.a.RequestMappingHandlerMapping : Mapped "{[/meal/{id}],methods=[DELETE]}" onto public org.springframework.http.ResponseEntity fourmeal.rest.FourMealApi.deleteMeal(java.lang.String)
2020-03-23 13:48:35.678  INFO 71967 --- [main] s.w.s.m.m.a.RequestMappingHandlerMapping : Mapped "{[/error]}" onto public org.springframework.http.ResponseEntity<java.util.Map<java.lang.String, java.lang.Object>> org.springframework.boot.autoconfigure.web.servlet.error.BasicErrorController.error(javax.servlet.http.HttpServletRequest)
2020-03-23 13:48:35.679  INFO 71967 --- [main] s.w.s.m.m.a.RequestMappingHandlerMapping : Mapped "{[/error],produces=[text/html]}" onto public org.springframework.web.servlet.ModelAndView org.springframework.boot.autoconfigure.web.servlet.error.BasicErrorController.errorHtml(javax.servlet.http.HttpServletRequest,javax.servlet.http.HttpServletResponse)
2020-03-23 13:48:35.695  INFO 71967 --- [main] o.s.w.s.handler.SimpleUrlHandlerMapping  : Mapped URL path [/webjars/**] onto handler of type [class org.springframework.web.servlet.resource.ResourceHttpRequestHandler]
2020-03-23 13:48:35.695  INFO 71967 --- [main] o.s.w.s.handler.SimpleUrlHandlerMapping  : Mapped URL path [/**] onto handler of type [class org.springframework.web.servlet.resource.ResourceHttpRequestHandler]
2020-03-23 13:48:35.803  INFO 71967 --- [main] o.s.j.e.a.AnnotationMBeanExporter        : Registering beans for JMX exposure on startup
2020-03-23 13:48:35.850  INFO 71967 --- [main] o.s.b.w.embedded.tomcat.TomcatWebServer  : Tomcat started on port(s): 5000 (http) with context path ''
2020-03-23 13:48:35.854  INFO 71967 --- [main] fourmeal.Application                     : Started Application in 2.188 seconds (JVM running for 4.794)
2020-03-23 13:48:48.345  INFO 71967 --- [http-nio-5000-exec-1] o.a.c.c.C.[Tomcat].[localhost].[/]       : Initializing Spring FrameworkServlet 'dispatcherServlet'
2020-03-23 13:48:48.346  INFO 71967 --- [http-nio-5000-exec-1] o.s.web.servlet.DispatcherServlet        : FrameworkServlet 'dispatcherServlet': initialization started
2020-03-23 13:48:48.361  INFO 71967 --- [http-nio-5000-exec-1] o.s.web.servlet.DispatcherServlet        : FrameworkServlet 'dispatcherServlet': initialization completed in 15 ms
2020-03-23 13:48:48.387  INFO 71967 --- [http-nio-5000-exec-1] fourmeal.rest.FourMealApi                : FourMeal Service Test running correctly
2020-03-23 15:21:25.834  INFO 71967 --- [Thread-3] ConfigServletWebServerApplicationContext : Closing org.springframework.boot.web.servlet.context.AnnotationConfigServletWebServerApplicationContext@71ff9bca: startup date [Mon Mar 23 13:48:34 CDT 2020]; root of context hierarchy
2020-03-23 15:21:25.836  INFO 71967 --- [Thread-3] o.s.j.e.a.AnnotationMBeanExporter        : Unregistering JMX-exposed beans on shutdown
